<?xml version="1.0" encoding="UTF-8"?>
<!-- Generated by org.testng.reporters.JUnitXMLReporter -->
<testsuite hostname="Admins-MacBook-Pro-2.local" ignored="0" name="Test" tests="3" failures="1" timestamp="2021-05-22T23:33:51 IST" time="20.326" errors="0">
  <testcase name="apiDemoTest" time="19.735" classname="practice.AppiumFramework.FirstTest"/>
  <testcase name="dataProviderTest" time="0.003" classname="practice.AppiumFramework.FirstTest"/>
  <testcase name="dataProviderTest" time="0.001" classname="practice.AppiumFramework.FirstTest">
    <failure type="java.lang.AssertionError" message="expected [@$%&amp;amp;@] but found [Hello]">
      <![CDATA[java.lang.AssertionError: expected [@$%&@] but found [Hello]
at practice.AppiumFramework.FirstTest.dataProviderTest(FirstTest.java:53)
at java.util.ArrayList.forEach(ArrayList.java:1259)
... Removed 33 stack frames]]>
    </failure>
  </testcase> <!-- dataProviderTest -->
</testsuite> <!-- Test -->
